<?xml version="1.0" encoding="utf-8"?><testsuites name="pytest tests"><testsuite name="pytest" errors="0" failures="0" skipped="0" tests="11" time="1.072" timestamp="2026-01-11T06:02:21.057281+00:00" hostname="agent-env-96cb1138-6a0e-4ccf-82ac-bd5b8d298908"><testcase classname="tests.test_schedule_corrections.TestBackendAPIs" name="test_api_root" time="0.071" /><testcase classname="tests.test_schedule_corrections.TestBackendAPIs" name="test_get_employees" time="0.044" /><testcase classname="tests.test_schedule_corrections.TestBackendAPIs" name="test_get_assignments" time="0.044" /><testcase classname="tests.test_schedule_corrections.TestBackendAPIs" name="test_get_schedule_with_week" time="0.054" /><testcase classname="tests.test_schedule_corrections.TestBackendAPIs" name="test_temporary_reassignments_crud" time="0.082" /><testcase classname="tests.test_schedule_corrections.TestBackendAPIs" name="test_create_temporary_reassignment_to_null" time="0.170" /><testcase classname="tests.test_schedule_corrections.TestEmployeeInactiveFeature" name="test_create_inactive_employee" time="0.071" /><testcase classname="tests.test_schedule_corrections.TestEmployeeInactiveFeature" name="test_berline_duplicate_allowed_for_inactive" time="0.153" /><testcase classname="tests.test_schedule_corrections.TestAssignmentAdaptedFeature" name="test_create_adapted_assignment" time="0.113" /><testcase classname="tests.test_schedule_corrections.TestScheduleViewModes" name="test_schedule_has_hlp_data" time="0.049" /><testcase classname="tests.test_schedule_corrections.TestScheduleViewModes" name="test_schedule_has_shift_names" time="0.050" /></testsuite></testsuites>