<?xml version="1.0" encoding="utf-8"?><testsuites name="pytest tests"><testsuite name="pytest" errors="0" failures="0" skipped="0" tests="8" time="1.021" timestamp="2026-01-11T06:14:27.896008+00:00" hostname="agent-env-96cb1138-6a0e-4ccf-82ac-bd5b8d298908"><testcase classname="tests.test_dynamic_hours.TestDynamicHoursCalculation" name="test_get_initial_hours_for_employee" time="0.077" /><testcase classname="tests.test_dynamic_hours.TestDynamicHoursCalculation" name="test_reassign_block_to_another_driver_hours_change" time="0.232" /><testcase classname="tests.test_dynamic_hours.TestDynamicHoursCalculation" name="test_reassign_block_to_remplacements_hours_change" time="0.247" /><testcase classname="tests.test_dynamic_hours.TestDynamicHoursCalculation" name="test_hlp_included_in_hour_calculation" time="0.040" /><testcase classname="tests.test_dynamic_hours.TestDynamicHoursCalculation" name="test_weekly_hours_update_after_reassignment" time="0.210" /><testcase classname="tests.test_dynamic_hours.TestDynamicHoursCalculation" name="test_reassignment_index_in_schedule_response" time="0.050" /><testcase classname="tests.test_dynamic_hours.TestScheduleAPIWithReassignments" name="test_schedule_returns_daily_hours" time="0.048" /><testcase classname="tests.test_dynamic_hours.TestScheduleAPIWithReassignments" name="test_schedule_returns_weekly_total_formatted" time="0.046" /></testsuite></testsuites>