<?xml version="1.0" encoding="utf-8"?><testsuites name="pytest tests"><testsuite name="pytest" errors="0" failures="0" skipped="0" tests="19" time="2.113" timestamp="2026-01-11T05:33:28.229588+00:00" hostname="agent-env-96cb1138-6a0e-4ccf-82ac-bd5b8d298908"><testcase classname="tests.test_schedule_features.TestBackendHealth" name="test_api_root" time="0.079" /><testcase classname="tests.test_schedule_features.TestBackendHealth" name="test_auth_login" time="0.054" /><testcase classname="tests.test_schedule_features.TestTemporaryReassignments" name="test_get_temporary_reassignments" time="0.158" /><testcase classname="tests.test_schedule_features.TestTemporaryReassignments" name="test_get_temporary_reassignments_by_date" time="0.112" /><testcase classname="tests.test_schedule_features.TestTemporaryReassignments" name="test_create_temporary_reassignment" time="0.152" /><testcase classname="tests.test_schedule_features.TestTemporaryReassignments" name="test_create_reassignment_to_replacement_zone" time="0.152" /><testcase classname="tests.test_schedule_features.TestTemporaryReassignments" name="test_delete_temporary_reassignment" time="0.230" /><testcase classname="tests.test_schedule_features.TestTemporaryReassignments" name="test_delete_reassignments_by_date" time="0.144" /><testcase classname="tests.test_schedule_features.TestScheduleAPI" name="test_get_schedule" time="0.044" /><testcase classname="tests.test_schedule_features.TestScheduleAPI" name="test_get_schedule_with_week_start" time="0.044" /><testcase classname="tests.test_schedule_features.TestScheduleAPI" name="test_schedule_contains_reassignment_index" time="0.046" /><testcase classname="tests.test_schedule_features.TestAssignmentsAPI" name="test_get_assignments" time="0.037" /><testcase classname="tests.test_schedule_features.TestAssignmentsAPI" name="test_create_assignment_with_adapted" time="0.165" /><testcase classname="tests.test_schedule_features.TestAssignmentsAPI" name="test_create_assignment_without_adapted" time="0.112" /><testcase classname="tests.test_schedule_features.TestAbsencesAPI" name="test_get_absences" time="0.081" /><testcase classname="tests.test_schedule_features.TestAbsencesAPI" name="test_create_absence" time="0.196" /><testcase classname="tests.test_schedule_features.TestEmployeesAPI" name="test_get_employees" time="0.033" /><testcase classname="tests.test_schedule_features.TestSchoolsAPI" name="test_get_schools" time="0.035" /><testcase classname="tests.test_schedule_features.TestHolidaysAPI" name="test_get_holidays" time="0.037" /></testsuite></testsuites>